2021-01-13 18:35:29,528 [INFO]  
========== start: fit model
2021-01-13 18:35:29,529 [WARNING]  Already bound, ignoring bind()
2021-01-13 18:35:29,568 [INFO]  Epoch[0] Batch [0-20]	Speed: 16271.38 samples/sec	cross-entropy=18.205490	Age-accuracy=0.000000
2021-01-13 18:35:29,591 [INFO]  Epoch[0] Train-cross-entropy=15.707142
2021-01-13 18:35:29,592 [INFO]  Epoch[0] Train-Age-accuracy=0.000000
2021-01-13 18:35:29,593 [INFO]  Epoch[0] Time cost=0.059
2021-01-13 18:35:29,600 [INFO]  Saved checkpoint to "imputer_model/model-0000.params"
2021-01-13 18:35:29,605 [INFO]  Epoch[0] Validation-cross-entropy=15.465446
2021-01-13 18:35:29,607 [INFO]  Epoch[0] Validation-Age-accuracy=0.000000
2021-01-13 18:35:29,634 [INFO]  Epoch[1] Batch [0-20]	Speed: 13656.11 samples/sec	cross-entropy=15.060953	Age-accuracy=0.000000
2021-01-13 18:35:29,657 [INFO]  Epoch[1] Train-cross-entropy=14.186191
2021-01-13 18:35:29,658 [INFO]  Epoch[1] Train-Age-accuracy=0.000000
2021-01-13 18:35:29,659 [INFO]  Epoch[1] Time cost=0.051
2021-01-13 18:35:29,667 [INFO]  Saved checkpoint to "imputer_model/model-0001.params"
2021-01-13 18:35:29,673 [INFO]  Epoch[1] Validation-cross-entropy=15.757754
2021-01-13 18:35:29,673 [INFO]  Epoch[1] Validation-Age-accuracy=0.000000
2021-01-13 18:35:29,716 [INFO]  Epoch[2] Batch [0-20]	Speed: 8169.76 samples/sec	cross-entropy=14.829767	Age-accuracy=0.000000
2021-01-13 18:35:29,750 [INFO]  Epoch[2] Train-cross-entropy=13.972578
2021-01-13 18:35:29,754 [INFO]  Epoch[2] Train-Age-accuracy=0.000000
2021-01-13 18:35:29,757 [INFO]  Epoch[2] Time cost=0.082
2021-01-13 18:35:29,764 [INFO]  Saved checkpoint to "imputer_model/model-0002.params"
2021-01-13 18:35:29,769 [INFO]  Epoch[2] Validation-cross-entropy=15.644949
2021-01-13 18:35:29,771 [INFO]  Epoch[2] Validation-Age-accuracy=0.000000
2021-01-13 18:35:29,806 [INFO]  Epoch[3] Batch [0-20]	Speed: 10272.45 samples/sec	cross-entropy=14.580677	Age-accuracy=0.000000
2021-01-13 18:35:29,838 [INFO]  Epoch[3] Train-cross-entropy=13.717823
2021-01-13 18:35:29,840 [INFO]  Epoch[3] Train-Age-accuracy=0.000000
2021-01-13 18:35:29,841 [INFO]  Epoch[3] Time cost=0.069
2021-01-13 18:35:29,848 [INFO]  Saved checkpoint to "imputer_model/model-0003.params"
2021-01-13 18:35:29,854 [INFO]  Epoch[3] Validation-cross-entropy=15.481464
2021-01-13 18:35:29,855 [INFO]  Epoch[3] Validation-Age-accuracy=0.000000
2021-01-13 18:35:29,893 [INFO]  Epoch[4] Batch [0-20]	Speed: 9433.82 samples/sec	cross-entropy=14.372755	Age-accuracy=0.000000
2021-01-13 18:35:29,999 [INFO]  Epoch[4] Train-cross-entropy=13.506182
2021-01-13 18:35:30,001 [INFO]  Epoch[4] Train-Age-accuracy=0.000000
2021-01-13 18:35:30,003 [INFO]  Epoch[4] Time cost=0.146
2021-01-13 18:35:30,009 [INFO]  Saved checkpoint to "imputer_model/model-0004.params"
2021-01-13 18:35:30,012 [INFO]  Epoch[4] Validation-cross-entropy=15.357908
2021-01-13 18:35:30,013 [INFO]  Epoch[4] Validation-Age-accuracy=0.000000
2021-01-13 18:35:30,040 [INFO]  Epoch[5] Batch [0-20]	Speed: 13538.61 samples/sec	cross-entropy=14.225041	Age-accuracy=0.000000
2021-01-13 18:35:30,060 [INFO]  Epoch[5] Train-cross-entropy=13.347793
2021-01-13 18:35:30,062 [INFO]  Epoch[5] Train-Age-accuracy=0.000000
2021-01-13 18:35:30,062 [INFO]  Epoch[5] Time cost=0.049
2021-01-13 18:35:30,068 [INFO]  Saved checkpoint to "imputer_model/model-0005.params"
2021-01-13 18:35:30,072 [INFO]  Epoch[5] Validation-cross-entropy=15.262019
2021-01-13 18:35:30,073 [INFO]  Epoch[5] Validation-Age-accuracy=0.000000
2021-01-13 18:35:30,099 [INFO]  Epoch[6] Batch [0-20]	Speed: 13819.92 samples/sec	cross-entropy=14.101414	Age-accuracy=0.000000
2021-01-13 18:35:30,126 [INFO]  Epoch[6] Train-cross-entropy=13.213051
2021-01-13 18:35:30,127 [INFO]  Epoch[6] Train-Age-accuracy=0.000000
2021-01-13 18:35:30,128 [INFO]  Epoch[6] Time cost=0.054
2021-01-13 18:35:30,135 [INFO]  Saved checkpoint to "imputer_model/model-0006.params"
2021-01-13 18:35:30,139 [INFO]  Epoch[6] Validation-cross-entropy=15.156265
2021-01-13 18:35:30,140 [INFO]  Epoch[6] Validation-Age-accuracy=0.000000
2021-01-13 18:35:30,168 [INFO]  Epoch[7] Batch [0-20]	Speed: 13323.18 samples/sec	cross-entropy=14.002774	Age-accuracy=0.000000
2021-01-13 18:35:30,193 [INFO]  Epoch[7] Train-cross-entropy=13.103235
2021-01-13 18:35:30,194 [INFO]  Epoch[7] Train-Age-accuracy=0.000000
2021-01-13 18:35:30,195 [INFO]  Epoch[7] Time cost=0.054
2021-01-13 18:35:30,202 [INFO]  Saved checkpoint to "imputer_model/model-0007.params"
2021-01-13 18:35:30,208 [INFO]  Epoch[7] Validation-cross-entropy=15.072270
2021-01-13 18:35:30,209 [INFO]  Epoch[7] Validation-Age-accuracy=0.000000
2021-01-13 18:35:30,234 [INFO]  Epoch[8] Batch [0-20]	Speed: 14514.26 samples/sec	cross-entropy=13.918305	Age-accuracy=0.000000
2021-01-13 18:35:30,263 [INFO]  Epoch[8] Train-cross-entropy=13.003365
2021-01-13 18:35:30,264 [INFO]  Epoch[8] Train-Age-accuracy=0.000000
2021-01-13 18:35:30,265 [INFO]  Epoch[8] Time cost=0.056
2021-01-13 18:35:30,273 [INFO]  Saved checkpoint to "imputer_model/model-0008.params"
2021-01-13 18:35:30,278 [INFO]  Epoch[8] Validation-cross-entropy=14.986206
2021-01-13 18:35:30,279 [INFO]  Epoch[8] Validation-Age-accuracy=0.000000
2021-01-13 18:35:30,308 [INFO]  Epoch[9] Batch [0-20]	Speed: 12160.60 samples/sec	cross-entropy=13.831842	Age-accuracy=0.000000
2021-01-13 18:35:30,331 [INFO]  Epoch[9] Train-cross-entropy=12.908062
2021-01-13 18:35:30,333 [INFO]  Epoch[9] Train-Age-accuracy=0.000000
2021-01-13 18:35:30,335 [INFO]  Epoch[9] Time cost=0.055
2021-01-13 18:35:30,341 [INFO]  Saved checkpoint to "imputer_model/model-0009.params"
2021-01-13 18:35:30,345 [INFO]  Epoch[9] Validation-cross-entropy=14.915867
2021-01-13 18:35:30,346 [INFO]  Epoch[9] Validation-Age-accuracy=0.000000
2021-01-13 18:35:30,374 [INFO]  Epoch[10] Batch [0-20]	Speed: 13061.79 samples/sec	cross-entropy=13.761330	Age-accuracy=0.000000
2021-01-13 18:35:30,399 [INFO]  Epoch[10] Train-cross-entropy=12.830161
2021-01-13 18:35:30,400 [INFO]  Epoch[10] Train-Age-accuracy=0.000000
2021-01-13 18:35:30,401 [INFO]  Epoch[10] Time cost=0.053
2021-01-13 18:35:30,408 [INFO]  Saved checkpoint to "imputer_model/model-0010.params"
2021-01-13 18:35:30,412 [INFO]  Epoch[10] Validation-cross-entropy=14.895051
2021-01-13 18:35:30,413 [INFO]  Epoch[10] Validation-Age-accuracy=0.000000
2021-01-13 18:35:30,441 [INFO]  Epoch[11] Batch [0-20]	Speed: 12755.43 samples/sec	cross-entropy=13.696925	Age-accuracy=0.000000
2021-01-13 18:35:30,463 [INFO]  Epoch[11] Train-cross-entropy=12.758298
2021-01-13 18:35:30,464 [INFO]  Epoch[11] Train-Age-accuracy=0.000000
2021-01-13 18:35:30,465 [INFO]  Epoch[11] Time cost=0.051
2021-01-13 18:35:30,473 [INFO]  Saved checkpoint to "imputer_model/model-0011.params"
2021-01-13 18:35:30,477 [INFO]  Epoch[11] Validation-cross-entropy=14.867069
2021-01-13 18:35:30,478 [INFO]  Epoch[11] Validation-Age-accuracy=0.000000
2021-01-13 18:35:30,508 [INFO]  Epoch[12] Batch [0-20]	Speed: 11651.96 samples/sec	cross-entropy=13.641660	Age-accuracy=0.000000
2021-01-13 18:35:30,531 [INFO]  Epoch[12] Train-cross-entropy=12.696317
2021-01-13 18:35:30,533 [INFO]  Epoch[12] Train-Age-accuracy=0.000000
2021-01-13 18:35:30,534 [INFO]  Epoch[12] Time cost=0.055
2021-01-13 18:35:30,540 [INFO]  Saved checkpoint to "imputer_model/model-0012.params"
2021-01-13 18:35:30,544 [INFO]  Epoch[12] Validation-cross-entropy=14.872178
2021-01-13 18:35:30,545 [INFO]  Epoch[12] Validation-Age-accuracy=0.000000
2021-01-13 18:35:30,571 [INFO]  Epoch[13] Batch [0-20]	Speed: 15429.81 samples/sec	cross-entropy=13.600172	Age-accuracy=0.000000
2021-01-13 18:35:30,594 [INFO]  Epoch[13] Train-cross-entropy=12.638962
2021-01-13 18:35:30,595 [INFO]  Epoch[13] Train-Age-accuracy=0.000000
2021-01-13 18:35:30,596 [INFO]  Epoch[13] Time cost=0.049
2021-01-13 18:35:30,603 [INFO]  Saved checkpoint to "imputer_model/model-0013.params"
2021-01-13 18:35:30,608 [INFO]  Epoch[13] Validation-cross-entropy=14.859722
2021-01-13 18:35:30,609 [INFO]  Epoch[13] Validation-Age-accuracy=0.000000
2021-01-13 18:35:30,634 [INFO]  Epoch[14] Batch [0-20]	Speed: 14249.68 samples/sec	cross-entropy=13.548595	Age-accuracy=0.000000
2021-01-13 18:35:30,658 [INFO]  Epoch[14] Train-cross-entropy=12.584318
2021-01-13 18:35:30,659 [INFO]  Epoch[14] Train-Age-accuracy=0.000000
2021-01-13 18:35:30,660 [INFO]  Epoch[14] Time cost=0.050
2021-01-13 18:35:30,667 [INFO]  Saved checkpoint to "imputer_model/model-0014.params"
2021-01-13 18:35:30,672 [INFO]  Epoch[14] Validation-cross-entropy=14.887326
2021-01-13 18:35:30,673 [INFO]  Epoch[14] Validation-Age-accuracy=0.000000
2021-01-13 18:35:30,698 [INFO]  Epoch[15] Batch [0-20]	Speed: 14994.38 samples/sec	cross-entropy=13.506196	Age-accuracy=0.000000
2021-01-13 18:35:30,719 [INFO]  Epoch[15] Train-cross-entropy=12.533418
2021-01-13 18:35:30,721 [INFO]  Epoch[15] Train-Age-accuracy=0.000000
2021-01-13 18:35:30,722 [INFO]  Epoch[15] Time cost=0.048
2021-01-13 18:35:30,739 [INFO]  Saved checkpoint to "imputer_model/model-0015.params"
2021-01-13 18:35:30,744 [INFO]  Epoch[15] Validation-cross-entropy=14.896674
2021-01-13 18:35:30,746 [INFO]  Epoch[15] Validation-Age-accuracy=0.000000
2021-01-13 18:35:30,776 [INFO]  Epoch[16] Batch [0-20]	Speed: 11889.99 samples/sec	cross-entropy=13.470591	Age-accuracy=0.000000
2021-01-13 18:35:30,802 [INFO]  Epoch[16] Train-cross-entropy=12.488610
2021-01-13 18:35:30,804 [INFO]  Epoch[16] Train-Age-accuracy=0.000000
2021-01-13 18:35:30,806 [INFO]  Epoch[16] Time cost=0.058
2021-01-13 18:35:30,814 [INFO]  Saved checkpoint to "imputer_model/model-0016.params"
2021-01-13 18:35:30,818 [INFO]  Epoch[16] Validation-cross-entropy=14.891006
2021-01-13 18:35:30,819 [INFO]  Epoch[16] Validation-Age-accuracy=0.000000
2021-01-13 18:35:30,847 [INFO]  Epoch[17] Batch [0-20]	Speed: 13245.48 samples/sec	cross-entropy=13.431606	Age-accuracy=0.000000
2021-01-13 18:35:30,870 [INFO]  Epoch[17] Train-cross-entropy=12.442005
2021-01-13 18:35:30,872 [INFO]  Epoch[17] Train-Age-accuracy=0.000000
2021-01-13 18:35:30,873 [INFO]  Epoch[17] Time cost=0.053
2021-01-13 18:35:30,879 [INFO]  Saved checkpoint to "imputer_model/model-0017.params"
2021-01-13 18:35:30,883 [INFO]  No improvement detected for 5 epochs compared to 14.872177839279175 last error obtained: 14.905006885528564, stopping here
2021-01-13 18:35:30,884 [INFO]  
========== done (1.3562572002410889 s) fit model
